<?xml version="1.0" encoding="UTF-8"?>
<!-- Generated by org.testng.reporters.JUnitXMLReporter -->
<testsuite hostname="Prathamesh-MacBook-Pro" name="Default test" tests="10" failures="0" timestamp="30 May 2017 05:13:14 GMT" time="0.204" errors="0">
  <testcase name="checkInvalidProjectURLTest" time="0.079" classname="com.unity.utils.RulesTest"/>
  <testcase name="checkProjectURLAsIntegerTest" time="0.002" classname="com.unity.utils.RulesTest"/>
  <testcase name="checkValidProjectURLTest" time="0.0" classname="com.unity.utils.RulesTest"/>
  <testcase name="isEnabledDefaultValueAsFalseTest" time="0.001" classname="com.unity.utils.RulesTest"/>
  <testcase name="isEnabledIntegerValueTest" time="0.001" classname="com.unity.utils.RulesTest"/>
  <testcase name="isEnabledInvalidValueTest" time="0.0" classname="com.unity.utils.RulesTest"/>
  <testcase name="isEnabledTest" time="0.001" classname="com.unity.utils.RulesTest"/>
  <testcase name="isExpiredProjectTest" time="0.096" classname="com.unity.utils.RulesTest"/>
  <testcase name="isNotEnabledTest" time="0.001" classname="com.unity.utils.RulesTest"/>
  <testcase name="isNotExpiredProjectTest" time="0.001" classname="com.unity.utils.RulesTest"/>
</testsuite> <!-- Default test -->
