<?xml version="1.0" encoding="UTF-8"?>
<testng-results skipped="0" failed="0" total="10" passed="10">
  <reporter-output>
  </reporter-output>
  <suite name="Default suite" duration-ms="204" started-at="2017-05-30T05:13:14Z" finished-at="2017-05-30T05:13:14Z">
    <groups>
    </groups>
    <test name="Default test" duration-ms="204" started-at="2017-05-30T05:13:14Z" finished-at="2017-05-30T05:13:14Z">
      <class name="com.unity.utils.RulesTest">
        <test-method status="PASS" signature="checkInvalidProjectURLTest()[pri:0, instance:com.unity.utils.RulesTest@6ad5c04e]" name="checkInvalidProjectURLTest" duration-ms="79" started-at="2017-05-29T22:13:14Z" finished-at="2017-05-29T22:13:14Z">
          <reporter-output>
          </reporter-output>
        </test-method> <!-- checkInvalidProjectURLTest -->
        <test-method status="PASS" signature="checkProjectURLAsIntegerTest()[pri:0, instance:com.unity.utils.RulesTest@6ad5c04e]" name="checkProjectURLAsIntegerTest" duration-ms="2" started-at="2017-05-29T22:13:14Z" finished-at="2017-05-29T22:13:14Z">
          <reporter-output>
          </reporter-output>
        </test-method> <!-- checkProjectURLAsIntegerTest -->
        <test-method status="PASS" signature="checkValidProjectURLTest()[pri:0, instance:com.unity.utils.RulesTest@6ad5c04e]" name="checkValidProjectURLTest" duration-ms="0" started-at="2017-05-29T22:13:14Z" finished-at="2017-05-29T22:13:14Z">
          <reporter-output>
          </reporter-output>
        </test-method> <!-- checkValidProjectURLTest -->
        <test-method status="PASS" signature="isEnabledDefaultValueAsFalseTest()[pri:0, instance:com.unity.utils.RulesTest@6ad5c04e]" name="isEnabledDefaultValueAsFalseTest" duration-ms="1" started-at="2017-05-29T22:13:14Z" finished-at="2017-05-29T22:13:14Z">
          <reporter-output>
          </reporter-output>
        </test-method> <!-- isEnabledDefaultValueAsFalseTest -->
        <test-method status="PASS" signature="isEnabledIntegerValueTest()[pri:0, instance:com.unity.utils.RulesTest@6ad5c04e]" name="isEnabledIntegerValueTest" duration-ms="1" started-at="2017-05-29T22:13:14Z" finished-at="2017-05-29T22:13:14Z">
          <reporter-output>
          </reporter-output>
        </test-method> <!-- isEnabledIntegerValueTest -->
        <test-method status="PASS" signature="isEnabledInvalidValueTest()[pri:0, instance:com.unity.utils.RulesTest@6ad5c04e]" name="isEnabledInvalidValueTest" duration-ms="0" started-at="2017-05-29T22:13:14Z" finished-at="2017-05-29T22:13:14Z">
          <reporter-output>
          </reporter-output>
        </test-method> <!-- isEnabledInvalidValueTest -->
        <test-method status="PASS" signature="isEnabledTest()[pri:0, instance:com.unity.utils.RulesTest@6ad5c04e]" name="isEnabledTest" duration-ms="1" started-at="2017-05-29T22:13:14Z" finished-at="2017-05-29T22:13:14Z">
          <reporter-output>
          </reporter-output>
        </test-method> <!-- isEnabledTest -->
        <test-method status="PASS" signature="isExpiredProjectTest()[pri:0, instance:com.unity.utils.RulesTest@6ad5c04e]" name="isExpiredProjectTest" duration-ms="96" started-at="2017-05-29T22:13:14Z" finished-at="2017-05-29T22:13:14Z">
          <reporter-output>
          </reporter-output>
        </test-method> <!-- isExpiredProjectTest -->
        <test-method status="PASS" signature="isNotEnabledTest()[pri:0, instance:com.unity.utils.RulesTest@6ad5c04e]" name="isNotEnabledTest" duration-ms="1" started-at="2017-05-29T22:13:14Z" finished-at="2017-05-29T22:13:14Z">
          <reporter-output>
          </reporter-output>
        </test-method> <!-- isNotEnabledTest -->
        <test-method status="PASS" signature="isNotExpiredProjectTest()[pri:0, instance:com.unity.utils.RulesTest@6ad5c04e]" name="isNotExpiredProjectTest" duration-ms="1" started-at="2017-05-29T22:13:14Z" finished-at="2017-05-29T22:13:14Z">
          <reporter-output>
          </reporter-output>
        </test-method> <!-- isNotExpiredProjectTest -->
      </class> <!-- com.unity.utils.RulesTest -->
    </test> <!-- Default test -->
  </suite> <!-- Default suite -->
</testng-results>
